0 info it worked if it ends with ok
1 verbose cli [ '/usr/local/bin/node',
1 verbose cli   '/usr/local/bin/npm',
1 verbose cli   'i',
1 verbose cli   'ng-firebase-auth' ]
2 info using npm@3.10.3
3 info using node@v6.5.0
4 silly loadCurrentTree Starting
5 silly install loadCurrentTree
6 silly install readLocalPackageData
7 silly fetchPackageMetaData ng-firebase-auth
8 silly fetchNamedPackageData ng-firebase-auth
9 silly mapToRegistry name ng-firebase-auth
10 silly mapToRegistry using default registry
11 silly mapToRegistry registry https://registry.npmjs.org/
12 silly mapToRegistry data Result {
12 silly mapToRegistry   raw: 'ng-firebase-auth',
12 silly mapToRegistry   scope: null,
12 silly mapToRegistry   escapedName: 'ng-firebase-auth',
12 silly mapToRegistry   name: 'ng-firebase-auth',
12 silly mapToRegistry   rawSpec: '',
12 silly mapToRegistry   spec: 'latest',
12 silly mapToRegistry   type: 'tag' }
13 silly mapToRegistry uri https://registry.npmjs.org/ng-firebase-auth
14 verbose request uri https://registry.npmjs.org/ng-firebase-auth
15 verbose request no auth needed
16 info attempt registry request try #1 at 3:03:12 PM
17 verbose request id 3216ee4a2f9b9276
18 http request GET https://registry.npmjs.org/ng-firebase-auth
19 http 200 https://registry.npmjs.org/ng-firebase-auth
20 verbose headers { server: 'nginx/1.10.1',
20 verbose headers   'content-type': 'application/json',
20 verbose headers   'last-modified': 'Wed, 07 Jan 2015 10:46:05 GMT',
20 verbose headers   etag: 'W/"54ad0e6d-f93"',
20 verbose headers   'content-encoding': 'gzip',
20 verbose headers   'cache-control': 'max-age=300',
20 verbose headers   'content-length': '1515',
20 verbose headers   'accept-ranges': 'bytes',
20 verbose headers   date: 'Thu, 15 Dec 2016 22:02:54 GMT',
20 verbose headers   via: '1.1 varnish',
20 verbose headers   age: '0',
20 verbose headers   connection: 'keep-alive',
20 verbose headers   'x-served-by': 'cache-sea1923-SEA',
20 verbose headers   'x-cache': 'MISS',
20 verbose headers   'x-cache-hits': '0',
20 verbose headers   'x-timer': 'S1481839374.920349,VS0,VE19',
20 verbose headers   vary: 'Accept-Encoding' }
21 silly get cb [ 200,
21 silly get   { server: 'nginx/1.10.1',
21 silly get     'content-type': 'application/json',
21 silly get     'last-modified': 'Wed, 07 Jan 2015 10:46:05 GMT',
21 silly get     etag: 'W/"54ad0e6d-f93"',
21 silly get     'content-encoding': 'gzip',
21 silly get     'cache-control': 'max-age=300',
21 silly get     'content-length': '1515',
21 silly get     'accept-ranges': 'bytes',
21 silly get     date: 'Thu, 15 Dec 2016 22:02:54 GMT',
21 silly get     via: '1.1 varnish',
21 silly get     age: '0',
21 silly get     connection: 'keep-alive',
21 silly get     'x-served-by': 'cache-sea1923-SEA',
21 silly get     'x-cache': 'MISS',
21 silly get     'x-cache-hits': '0',
21 silly get     'x-timer': 'S1481839374.920349,VS0,VE19',
21 silly get     vary: 'Accept-Encoding' } ]
22 verbose get saving ng-firebase-auth to /Users/jason/.npm/registry.npmjs.org/ng-firebase-auth/.cache.json
23 verbose correctMkdir /Users/jason/.npm correctMkdir not in flight; initializing
24 silly install normalizeTree
25 silly loadCurrentTree Finishing
26 silly loadIdealTree Starting
27 silly install loadIdealTree
28 silly cloneCurrentTree Starting
29 silly install cloneCurrentTreeToIdealTree
30 silly cloneCurrentTree Finishing
31 silly loadShrinkwrap Starting
32 silly install loadShrinkwrap
33 silly loadShrinkwrap Finishing
34 silly loadAllDepsIntoIdealTree Starting
35 silly install loadAllDepsIntoIdealTree
36 silly resolveWithNewModule ng-firebase-auth@0.0.1 checking installable status
37 silly cache add args [ 'ng-firebase-auth', null ]
38 verbose cache add spec ng-firebase-auth
39 silly cache add parsed spec Result {
39 silly cache add   raw: 'ng-firebase-auth',
39 silly cache add   scope: null,
39 silly cache add   escapedName: 'ng-firebase-auth',
39 silly cache add   name: 'ng-firebase-auth',
39 silly cache add   rawSpec: '',
39 silly cache add   spec: 'latest',
39 silly cache add   type: 'tag' }
40 silly addNamed ng-firebase-auth@latest
41 verbose addNamed "latest" is being treated as a dist-tag for ng-firebase-auth
42 info addNameTag [ 'ng-firebase-auth', 'latest' ]
43 silly mapToRegistry name ng-firebase-auth
44 silly mapToRegistry using default registry
45 silly mapToRegistry registry https://registry.npmjs.org/
46 silly mapToRegistry data Result {
46 silly mapToRegistry   raw: 'ng-firebase-auth',
46 silly mapToRegistry   scope: null,
46 silly mapToRegistry   escapedName: 'ng-firebase-auth',
46 silly mapToRegistry   name: 'ng-firebase-auth',
46 silly mapToRegistry   rawSpec: '',
46 silly mapToRegistry   spec: 'latest',
46 silly mapToRegistry   type: 'tag' }
47 silly mapToRegistry uri https://registry.npmjs.org/ng-firebase-auth
48 verbose addNameTag registry:https://registry.npmjs.org/ng-firebase-auth not in flight; fetching
49 verbose get https://registry.npmjs.org/ng-firebase-auth not expired, no request
50 silly addNameTag next cb for ng-firebase-auth with tag latest
51 silly addNamed ng-firebase-auth@0.0.1
52 verbose addNamed "0.0.1" is a plain semver version for ng-firebase-auth
53 silly mapToRegistry name ng-firebase-auth
54 silly mapToRegistry using default registry
55 silly mapToRegistry registry https://registry.npmjs.org/
56 silly mapToRegistry data Result {
56 silly mapToRegistry   raw: 'ng-firebase-auth',
56 silly mapToRegistry   scope: null,
56 silly mapToRegistry   escapedName: 'ng-firebase-auth',
56 silly mapToRegistry   name: 'ng-firebase-auth',
56 silly mapToRegistry   rawSpec: '',
56 silly mapToRegistry   spec: 'latest',
56 silly mapToRegistry   type: 'tag' }
57 silly mapToRegistry uri https://registry.npmjs.org/ng-firebase-auth
58 verbose addRemoteTarball https://registry.npmjs.org/ng-firebase-auth/-/ng-firebase-auth-0.0.1.tgz not in flight; adding
59 verbose addRemoteTarball [ 'https://registry.npmjs.org/ng-firebase-auth/-/ng-firebase-auth-0.0.1.tgz',
59 verbose addRemoteTarball   'cebbb45225efca440ebe34d3dd0cda287e0f2697' ]
60 info retry fetch attempt 1 at 3:03:12 PM
61 info attempt registry request try #1 at 3:03:12 PM
62 http fetch GET https://registry.npmjs.org/ng-firebase-auth/-/ng-firebase-auth-0.0.1.tgz
63 http fetch 200 https://registry.npmjs.org/ng-firebase-auth/-/ng-firebase-auth-0.0.1.tgz
64 silly fetchAndShaCheck shasum cebbb45225efca440ebe34d3dd0cda287e0f2697
65 verbose addTmpTarball /var/folders/xr/n2j3pt3161s3wj1bc7gk0n8r0000gn/T/npm-2708-d31e0f98/registry.npmjs.org/ng-firebase-auth/-/ng-firebase-auth-0.0.1.tgz not in flight; adding
66 verbose addTmpTarball already have metadata; skipping unpack for ng-firebase-auth@0.0.1
67 verbose correctMkdir /Users/jason/.npm correctMkdir not in flight; initializing
68 silly cache afterAdd ng-firebase-auth@0.0.1
69 verbose afterAdd /Users/jason/.npm/ng-firebase-auth/0.0.1/package/package.json not in flight; writing
70 verbose correctMkdir /Users/jason/.npm correctMkdir not in flight; initializing
71 verbose afterAdd /Users/jason/.npm/ng-firebase-auth/0.0.1/package/package.json written
72 silly loadAllDepsIntoIdealTree Finishing
73 silly loadIdealTree Finishing
74 silly currentTree 1x-tactical@1.0.0
74 silly currentTree ├── abbrev@1.0.9
74 silly currentTree ├── accepts@1.3.3
74 silly currentTree ├── angular@1.5.8
74 silly currentTree ├── ansi-regex@2.0.0
74 silly currentTree ├── ansi-styles@2.2.1
74 silly currentTree ├── anymatch@1.3.0
74 silly currentTree ├── arr-diff@2.0.0
74 silly currentTree ├── arr-flatten@1.0.1
74 silly currentTree ├── array-flatten@1.1.1
74 silly currentTree ├── array-unique@0.2.1
74 silly currentTree ├── arrify@1.0.1
74 silly currentTree ├── async-each@1.0.1
74 silly currentTree ├── balanced-match@0.4.2
74 silly currentTree ├── binary-extensions@1.7.0
74 silly currentTree ├── bluebird@2.11.0
74 silly currentTree ├── body-parser@1.15.2
74 silly currentTree ├── brace-expansion@1.1.6
74 silly currentTree ├── braces@1.8.5
74 silly currentTree ├── buffer-shims@1.0.0
74 silly currentTree ├── bytes@2.4.0
74 silly currentTree ├── chalk@1.1.3
74 silly currentTree ├── chokidar@1.6.1
74 silly currentTree ├── coffee-script@1.10.0
74 silly currentTree ├── concat-map@0.0.1
74 silly currentTree ├── configstore@1.4.0
74 silly currentTree ├── content-disposition@0.5.1
74 silly currentTree ├── content-type@1.0.2
74 silly currentTree ├── cookie-signature@1.0.6
74 silly currentTree ├── cookie@0.3.1
74 silly currentTree ├── core-util-is@1.0.2
74 silly currentTree ├── cors@2.8.1
74 silly currentTree ├── coupon-code@0.4.5
74 silly currentTree ├── debug@2.2.0
74 silly currentTree ├── deep-extend@0.4.1
74 silly currentTree ├── depd@1.1.0
74 silly currentTree ├── destroy@1.0.4
74 silly currentTree ├── duplexer@0.1.1
74 silly currentTree ├── duplexify@3.5.0
74 silly currentTree ├── ee-first@1.1.1
74 silly currentTree ├── encodeurl@1.0.1
74 silly currentTree ├── end-of-stream@1.0.0
74 silly currentTree ├── es6-promise@3.3.1
74 silly currentTree ├── escape-html@1.0.3
74 silly currentTree ├── escape-string-regexp@1.0.5
74 silly currentTree ├── etag@1.7.0
74 silly currentTree ├── event-stream@3.3.4
74 silly currentTree ├── expand-brackets@0.1.5
74 silly currentTree ├── expand-range@1.8.2
74 silly currentTree ├── express@4.14.0
74 silly currentTree ├── extglob@0.3.2
74 silly currentTree ├── filename-regex@2.0.0
74 silly currentTree ├─┬ fileset@0.1.8
74 silly currentTree │ └── minimatch@0.4.0
74 silly currentTree ├── fill-range@2.2.3
74 silly currentTree ├── finalhandler@0.5.0
74 silly currentTree ├─┬ firebase@2.4.2
74 silly currentTree │ └─┬ faye-websocket@0.9.3
74 silly currentTree │   └─┬ websocket-driver@0.5.2
74 silly currentTree │     └── websocket-extensions@0.1.1
74 silly currentTree ├── for-in@0.1.6
74 silly currentTree ├── for-own@0.1.4
74 silly currentTree ├── forwarded@0.1.0
74 silly currentTree ├── fresh@0.3.0
74 silly currentTree ├── from@0.1.3
74 silly currentTree ├─┬ fsevents@1.0.15
74 silly currentTree │ ├── abbrev@1.0.9
74 silly currentTree │ ├── ansi-regex@2.0.0
74 silly currentTree │ ├── ansi-styles@2.2.1
74 silly currentTree │ ├── aproba@1.0.4
74 silly currentTree │ ├── are-we-there-yet@1.1.2
74 silly currentTree │ ├── asn1@0.2.3
74 silly currentTree │ ├── assert-plus@0.2.0
74 silly currentTree │ ├── async@1.5.2
74 silly currentTree │ ├── aws-sign2@0.6.0
74 silly currentTree │ ├── aws4@1.4.1
74 silly currentTree │ ├── balanced-match@0.4.2
74 silly currentTree │ ├─┬ bl@1.1.2
74 silly currentTree │ │ └── readable-stream@2.0.6
74 silly currentTree │ ├── block-stream@0.0.9
74 silly currentTree │ ├── boom@2.10.1
74 silly currentTree │ ├── brace-expansion@1.1.5
74 silly currentTree │ ├── buffer-shims@1.0.0
74 silly currentTree │ ├── caseless@0.11.0
74 silly currentTree │ ├── chalk@1.1.3
74 silly currentTree │ ├── code-point-at@1.0.0
74 silly currentTree │ ├── combined-stream@1.0.5
74 silly currentTree │ ├── commander@2.9.0
74 silly currentTree │ ├── concat-map@0.0.1
74 silly currentTree │ ├── console-control-strings@1.1.0
74 silly currentTree │ ├── core-util-is@1.0.2
74 silly currentTree │ ├── cryptiles@2.0.5
74 silly currentTree │ ├─┬ dashdash@1.14.0
74 silly currentTree │ │ └── assert-plus@1.0.0
74 silly currentTree │ ├── debug@2.2.0
74 silly currentTree │ ├── deep-extend@0.4.1
74 silly currentTree │ ├── delayed-stream@1.0.0
74 silly currentTree │ ├── delegates@1.0.0
74 silly currentTree │ ├── ecc-jsbn@0.1.1
74 silly currentTree │ ├── escape-string-regexp@1.0.5
74 silly currentTree │ ├── extend@3.0.0
74 silly currentTree │ ├── extsprintf@1.0.2
74 silly currentTree │ ├── forever-agent@0.6.1
74 silly currentTree │ ├── form-data@1.0.0-rc4
74 silly currentTree │ ├── fs.realpath@1.0.0
74 silly currentTree │ ├── fstream-ignore@1.0.5
74 silly currentTree │ ├── fstream@1.0.10
74 silly currentTree │ ├── gauge@2.6.0
74 silly currentTree │ ├── generate-function@2.0.0
74 silly currentTree │ ├── generate-object-property@1.2.0
74 silly currentTree │ ├─┬ getpass@0.1.6
74 silly currentTree │ │ └── assert-plus@1.0.0
74 silly currentTree │ ├── glob@7.0.5
74 silly currentTree │ ├── graceful-fs@4.1.4
74 silly currentTree │ ├── graceful-readlink@1.0.1
74 silly currentTree │ ├── har-validator@2.0.6
74 silly currentTree │ ├── has-ansi@2.0.0
74 silly currentTree │ ├── has-color@0.1.7
74 silly currentTree │ ├── has-unicode@2.0.1
74 silly currentTree │ ├── hawk@3.1.3
74 silly currentTree │ ├── hoek@2.16.3
74 silly currentTree │ ├── http-signature@1.1.1
74 silly currentTree │ ├── inflight@1.0.5
74 silly currentTree │ ├── inherits@2.0.1
74 silly currentTree │ ├── ini@1.3.4
74 silly currentTree │ ├── is-fullwidth-code-point@1.0.0
74 silly currentTree │ ├── is-my-json-valid@2.13.1
74 silly currentTree │ ├── is-property@1.0.2
74 silly currentTree │ ├── is-typedarray@1.0.0
74 silly currentTree │ ├── isarray@1.0.0
74 silly currentTree │ ├── isstream@0.1.2
74 silly currentTree │ ├── jodid25519@1.0.2
74 silly currentTree │ ├── jsbn@0.1.0
74 silly currentTree │ ├── json-schema@0.2.2
74 silly currentTree │ ├── json-stringify-safe@5.0.1
74 silly currentTree │ ├── jsonpointer@2.0.0
74 silly currentTree │ ├── jsprim@1.3.0
74 silly currentTree │ ├── mime-db@1.23.0
74 silly currentTree │ ├── mime-types@2.1.11
74 silly currentTree │ ├── minimatch@3.0.2
74 silly currentTree │ ├── minimist@0.0.8
74 silly currentTree │ ├── mkdirp@0.5.1
74 silly currentTree │ ├── ms@0.7.1
74 silly currentTree │ ├── node-pre-gyp@0.6.29
74 silly currentTree │ ├── node-uuid@1.4.7
74 silly currentTree │ ├── nopt@3.0.6
74 silly currentTree │ ├── npmlog@3.1.2
74 silly currentTree │ ├── number-is-nan@1.0.0
74 silly currentTree │ ├── oauth-sign@0.8.2
74 silly currentTree │ ├── object-assign@4.1.0
74 silly currentTree │ ├── once@1.3.3
74 silly currentTree │ ├── path-is-absolute@1.0.0
74 silly currentTree │ ├── pinkie-promise@2.0.1
74 silly currentTree │ ├── pinkie@2.0.4
74 silly currentTree │ ├── process-nextick-args@1.0.7
74 silly currentTree │ ├── qs@6.2.0
74 silly currentTree │ ├─┬ rc@1.1.6
74 silly currentTree │ │ └── minimist@1.2.0
74 silly currentTree │ ├── readable-stream@2.1.4
74 silly currentTree │ ├── request@2.73.0
74 silly currentTree │ ├── rimraf@2.5.3
74 silly currentTree │ ├── semver@5.2.0
74 silly currentTree │ ├── set-blocking@2.0.0
74 silly currentTree │ ├── signal-exit@3.0.0
74 silly currentTree │ ├── sntp@1.0.9
74 silly currentTree │ ├─┬ sshpk@1.8.3
74 silly currentTree │ │ └── assert-plus@1.0.0
74 silly currentTree │ ├── string_decoder@0.10.31
74 silly currentTree │ ├── string-width@1.0.1
74 silly currentTree │ ├── stringstream@0.0.5
74 silly currentTree │ ├── strip-ansi@3.0.1
74 silly currentTree │ ├── strip-json-comments@1.0.4
74 silly currentTree │ ├── supports-color@2.0.0
74 silly currentTree │ ├── tar-pack@3.1.4
74 silly currentTree │ ├── tar@2.2.1
74 silly currentTree │ ├── tough-cookie@2.2.2
74 silly currentTree │ ├── tunnel-agent@0.4.3
74 silly currentTree │ ├── tweetnacl@0.13.3
74 silly currentTree │ ├── uid-number@0.0.6
74 silly currentTree │ ├── util-deprecate@1.0.2
74 silly currentTree │ ├── verror@1.3.6
74 silly currentTree │ ├── wide-align@1.1.0
74 silly currentTree │ ├── wrappy@1.0.2
74 silly currentTree │ └── xtend@4.0.1
74 silly currentTree ├─┬ gaze@0.3.4
74 silly currentTree │ └── minimatch@0.2.14
74 silly currentTree ├── glob-base@0.3.0
74 silly currentTree ├── glob-parent@2.0.0
74 silly currentTree ├─┬ glob@3.2.11
74 silly currentTree │ └── minimatch@0.3.0
74 silly currentTree ├─┬ got@3.3.1
74 silly currentTree │ └── object-assign@3.0.0
74 silly currentTree ├── graceful-fs@4.1.10
74 silly currentTree ├── growl@1.7.0
74 silly currentTree ├── has-ansi@2.0.0
74 silly currentTree ├── heroku@0.2.0
74 silly currentTree ├── http-errors@1.5.0
74 silly currentTree ├── iconv-lite@0.4.13
74 silly currentTree ├── ignore-by-default@1.0.1
74 silly currentTree ├── imurmurhash@0.1.4
74 silly currentTree ├── infinity-agent@2.0.3
74 silly currentTree ├── inherits@2.0.1
74 silly currentTree ├── ini@1.3.4
74 silly currentTree ├── ipaddr.js@1.1.1
74 silly currentTree ├── is-binary-path@1.0.1
74 silly currentTree ├── is-buffer@1.1.4
74 silly currentTree ├── is-dotfile@1.0.2
74 silly currentTree ├── is-equal-shallow@0.1.3
74 silly currentTree ├── is-extendable@0.1.1
74 silly currentTree ├── is-extglob@1.0.0
74 silly currentTree ├── is-finite@1.0.2
74 silly currentTree ├── is-glob@2.0.1
74 silly currentTree ├── is-npm@1.0.0
74 silly currentTree ├── is-number@2.1.0
74 silly currentTree ├── is-posix-bracket@0.1.1
74 silly currentTree ├── is-primitive@2.0.0
74 silly currentTree ├── is-redirect@1.0.0
74 silly currentTree ├── is-stream@1.1.0
74 silly currentTree ├── isarray@1.0.0
74 silly currentTree ├── isobject@2.1.0
74 silly currentTree ├── jasmine-growl-reporter@0.0.3
74 silly currentTree ├─┬ jasmine-node@1.14.5
74 silly currentTree │ └── mkdirp@0.3.5
74 silly currentTree ├─┬ jasmine-reporters@1.0.2
74 silly currentTree │ └── mkdirp@0.3.5
74 silly currentTree ├── js-data-firebase@2.1.1
74 silly currentTree ├── js-data@2.9.0
74 silly currentTree ├── kind-of@3.0.4
74 silly currentTree ├── latest-version@1.0.1
74 silly currentTree ├── lodash._baseassign@3.2.0
74 silly currentTree ├── lodash._basecopy@3.0.1
74 silly currentTree ├── lodash._bindcallback@3.0.1
74 silly currentTree ├── lodash._createassigner@3.1.1
74 silly currentTree ├── lodash._getnative@3.9.1
74 silly currentTree ├── lodash._isiterateecall@3.0.9
74 silly currentTree ├── lodash.assign@3.2.0
74 silly currentTree ├── lodash.defaults@3.1.2
74 silly currentTree ├── lodash.isarguments@3.1.0
74 silly currentTree ├── lodash.isarray@3.0.4
74 silly currentTree ├── lodash.isplainobject@4.0.6
74 silly currentTree ├── lodash.keys@3.1.2
74 silly currentTree ├── lodash.restparam@3.6.1
74 silly currentTree ├── lowercase-keys@1.0.0
74 silly currentTree ├── lru-cache@2.7.3
74 silly currentTree ├── map-stream@0.1.0
74 silly currentTree ├── media-typer@0.3.0
74 silly currentTree ├── merge-descriptors@1.0.1
74 silly currentTree ├── methods@1.1.2
74 silly currentTree ├── micromatch@2.3.11
74 silly currentTree ├── mime-db@1.24.0
74 silly currentTree ├── mime-types@2.1.12
74 silly currentTree ├── mime@1.3.4
74 silly currentTree ├── minimatch@3.0.3
74 silly currentTree ├── minimist@0.0.8
74 silly currentTree ├── mkdirp@0.5.1
74 silly currentTree ├── mout@0.11.0
74 silly currentTree ├── ms@0.7.1
74 silly currentTree ├── nan@2.4.0
74 silly currentTree ├── negotiator@0.6.1
74 silly currentTree ├── nested-error-stacks@1.0.2
74 silly currentTree ├── node-uuid@1.4.7
74 silly currentTree ├── nodemon@1.11.0
74 silly currentTree ├── nopt@1.0.10
74 silly currentTree ├── normalize-path@2.0.1
74 silly currentTree ├── number-is-nan@1.0.1
74 silly currentTree ├── object-assign@4.1.0
74 silly currentTree ├── object.omit@2.0.1
74 silly currentTree ├── on-finished@2.3.0
74 silly currentTree ├── once@1.3.3
74 silly currentTree ├── os-homedir@1.0.2
74 silly currentTree ├── os-tmpdir@1.0.2
74 silly currentTree ├── osenv@0.1.3
74 silly currentTree ├── package-json@1.2.0
74 silly currentTree ├── parse-glob@3.0.4
74 silly currentTree ├── parseurl@1.3.1
74 silly currentTree ├── path-is-absolute@1.0.1
74 silly currentTree ├── path-to-regexp@0.1.7
74 silly currentTree ├── pause-stream@0.0.11
74 silly currentTree ├── pinkie-promise@2.0.1
74 silly currentTree ├── pinkie@2.0.4
74 silly currentTree ├── prepend-http@1.0.4
74 silly currentTree ├── preserve@0.2.0
74 silly currentTree ├── process-nextick-args@1.0.7
74 silly currentTree ├── proxy-addr@1.1.2
74 silly currentTree ├── ps-tree@1.1.0
74 silly currentTree ├── qs@6.2.0
74 silly currentTree ├── randomatic@1.1.5
74 silly currentTree ├── range-parser@1.2.0
74 silly currentTree ├── raw-body@2.1.7
74 silly currentTree ├─┬ rc@1.1.6
74 silly currentTree │ └── minimist@1.2.0
74 silly currentTree ├── read-all-stream@3.1.0
74 silly currentTree ├── readable-stream@2.1.5
74 silly currentTree ├── readdirp@2.1.0
74 silly currentTree ├── regex-cache@0.4.3
74 silly currentTree ├── registry-url@3.1.0
74 silly currentTree ├── repeat-element@1.1.2
74 silly currentTree ├── repeat-string@1.6.1
74 silly currentTree ├── repeating@1.1.3
74 silly currentTree ├── requirejs@2.3.2
74 silly currentTree ├── semver-diff@2.1.0
74 silly currentTree ├── semver@5.3.0
74 silly currentTree ├── send@0.14.1
74 silly currentTree ├── serve-static@1.11.1
74 silly currentTree ├── set-immediate-shim@1.0.1
74 silly currentTree ├── setprototypeof@1.0.1
74 silly currentTree ├── sigmund@1.0.1
74 silly currentTree ├── slide@1.1.6
74 silly currentTree ├── split@0.3.3
74 silly currentTree ├── statuses@1.3.0
74 silly currentTree ├── stream-combiner@0.0.4
74 silly currentTree ├── stream-shift@1.0.0
74 silly currentTree ├── string_decoder@0.10.31
74 silly currentTree ├── string-length@1.0.1
74 silly currentTree ├── strip-ansi@3.0.1
74 silly currentTree ├── strip-json-comments@1.0.4
74 silly currentTree ├─┬ stripe@4.12.0
74 silly currentTree │ └── qs@2.4.2
74 silly currentTree ├── supports-color@2.0.0
74 silly currentTree ├── through@2.3.8
74 silly currentTree ├── timed-out@2.0.0
74 silly currentTree ├── touch@1.0.0
74 silly currentTree ├── type-is@1.6.13
74 silly currentTree ├── undefsafe@0.0.3
74 silly currentTree ├── underscore@1.8.3
74 silly currentTree ├── unpipe@1.0.0
74 silly currentTree ├── update-notifier@0.5.0
74 silly currentTree ├── util-deprecate@1.0.2
74 silly currentTree ├── utils-merge@1.0.0
74 silly currentTree ├── uuid@2.0.3
74 silly currentTree ├── vary@1.1.0
74 silly currentTree ├── walkdir@0.0.11
74 silly currentTree ├── wrappy@1.0.2
74 silly currentTree ├── write-file-atomic@1.2.0
74 silly currentTree ├── xdg-basedir@2.0.0
74 silly currentTree └── xtend@4.0.1
75 silly idealTree 1x-tactical@1.0.0
75 silly idealTree ├── abbrev@1.0.9
75 silly idealTree ├── accepts@1.3.3
75 silly idealTree ├── angular@1.5.8
75 silly idealTree ├── ansi-regex@2.0.0
75 silly idealTree ├── ansi-styles@2.2.1
75 silly idealTree ├── anymatch@1.3.0
75 silly idealTree ├── arr-diff@2.0.0
75 silly idealTree ├── arr-flatten@1.0.1
75 silly idealTree ├── array-flatten@1.1.1
75 silly idealTree ├── array-unique@0.2.1
75 silly idealTree ├── arrify@1.0.1
75 silly idealTree ├── async-each@1.0.1
75 silly idealTree ├── balanced-match@0.4.2
75 silly idealTree ├── binary-extensions@1.7.0
75 silly idealTree ├── bluebird@2.11.0
75 silly idealTree ├── body-parser@1.15.2
75 silly idealTree ├── brace-expansion@1.1.6
75 silly idealTree ├── braces@1.8.5
75 silly idealTree ├── buffer-shims@1.0.0
75 silly idealTree ├── bytes@2.4.0
75 silly idealTree ├── chalk@1.1.3
75 silly idealTree ├── chokidar@1.6.1
75 silly idealTree ├── coffee-script@1.10.0
75 silly idealTree ├── concat-map@0.0.1
75 silly idealTree ├── configstore@1.4.0
75 silly idealTree ├── content-disposition@0.5.1
75 silly idealTree ├── content-type@1.0.2
75 silly idealTree ├── cookie-signature@1.0.6
75 silly idealTree ├── cookie@0.3.1
75 silly idealTree ├── core-util-is@1.0.2
75 silly idealTree ├── cors@2.8.1
75 silly idealTree ├── coupon-code@0.4.5
75 silly idealTree ├── debug@2.2.0
75 silly idealTree ├── deep-extend@0.4.1
75 silly idealTree ├── depd@1.1.0
75 silly idealTree ├── destroy@1.0.4
75 silly idealTree ├── duplexer@0.1.1
75 silly idealTree ├── duplexify@3.5.0
75 silly idealTree ├── ee-first@1.1.1
75 silly idealTree ├── encodeurl@1.0.1
75 silly idealTree ├── end-of-stream@1.0.0
75 silly idealTree ├── es6-promise@3.3.1
75 silly idealTree ├── escape-html@1.0.3
75 silly idealTree ├── escape-string-regexp@1.0.5
75 silly idealTree ├── etag@1.7.0
75 silly idealTree ├── event-stream@3.3.4
75 silly idealTree ├── expand-brackets@0.1.5
75 silly idealTree ├── expand-range@1.8.2
75 silly idealTree ├── express@4.14.0
75 silly idealTree ├── extglob@0.3.2
75 silly idealTree ├── filename-regex@2.0.0
75 silly idealTree ├─┬ fileset@0.1.8
75 silly idealTree │ └── minimatch@0.4.0
75 silly idealTree ├── fill-range@2.2.3
75 silly idealTree ├── finalhandler@0.5.0
75 silly idealTree ├─┬ firebase@2.4.2
75 silly idealTree │ └─┬ faye-websocket@0.9.3
75 silly idealTree │   └─┬ websocket-driver@0.5.2
75 silly idealTree │     └── websocket-extensions@0.1.1
75 silly idealTree ├── for-in@0.1.6
75 silly idealTree ├── for-own@0.1.4
75 silly idealTree ├── forwarded@0.1.0
75 silly idealTree ├── fresh@0.3.0
75 silly idealTree ├── from@0.1.3
75 silly idealTree ├─┬ fsevents@1.0.15
75 silly idealTree │ ├── abbrev@1.0.9
75 silly idealTree │ ├── ansi-regex@2.0.0
75 silly idealTree │ ├── ansi-styles@2.2.1
75 silly idealTree │ ├── aproba@1.0.4
75 silly idealTree │ ├── are-we-there-yet@1.1.2
75 silly idealTree │ ├── asn1@0.2.3
75 silly idealTree │ ├── assert-plus@0.2.0
75 silly idealTree │ ├── async@1.5.2
75 silly idealTree │ ├── aws-sign2@0.6.0
75 silly idealTree │ ├── aws4@1.4.1
75 silly idealTree │ ├── balanced-match@0.4.2
75 silly idealTree │ ├─┬ bl@1.1.2
75 silly idealTree │ │ └── readable-stream@2.0.6
75 silly idealTree │ ├── block-stream@0.0.9
75 silly idealTree │ ├── boom@2.10.1
75 silly idealTree │ ├── brace-expansion@1.1.5
75 silly idealTree │ ├── buffer-shims@1.0.0
75 silly idealTree │ ├── caseless@0.11.0
75 silly idealTree │ ├── chalk@1.1.3
75 silly idealTree │ ├── code-point-at@1.0.0
75 silly idealTree │ ├── combined-stream@1.0.5
75 silly idealTree │ ├── commander@2.9.0
75 silly idealTree │ ├── concat-map@0.0.1
75 silly idealTree │ ├── console-control-strings@1.1.0
75 silly idealTree │ ├── core-util-is@1.0.2
75 silly idealTree │ ├── cryptiles@2.0.5
75 silly idealTree │ ├─┬ dashdash@1.14.0
75 silly idealTree │ │ └── assert-plus@1.0.0
75 silly idealTree │ ├── debug@2.2.0
75 silly idealTree │ ├── deep-extend@0.4.1
75 silly idealTree │ ├── delayed-stream@1.0.0
75 silly idealTree │ ├── delegates@1.0.0
75 silly idealTree │ ├── ecc-jsbn@0.1.1
75 silly idealTree │ ├── escape-string-regexp@1.0.5
75 silly idealTree │ ├── extend@3.0.0
75 silly idealTree │ ├── extsprintf@1.0.2
75 silly idealTree │ ├── forever-agent@0.6.1
75 silly idealTree │ ├── form-data@1.0.0-rc4
75 silly idealTree │ ├── fs.realpath@1.0.0
75 silly idealTree │ ├── fstream-ignore@1.0.5
75 silly idealTree │ ├── fstream@1.0.10
75 silly idealTree │ ├── gauge@2.6.0
75 silly idealTree │ ├── generate-function@2.0.0
75 silly idealTree │ ├── generate-object-property@1.2.0
75 silly idealTree │ ├─┬ getpass@0.1.6
75 silly idealTree │ │ └── assert-plus@1.0.0
75 silly idealTree │ ├── glob@7.0.5
75 silly idealTree │ ├── graceful-fs@4.1.4
75 silly idealTree │ ├── graceful-readlink@1.0.1
75 silly idealTree │ ├── har-validator@2.0.6
75 silly idealTree │ ├── has-ansi@2.0.0
75 silly idealTree │ ├── has-color@0.1.7
75 silly idealTree │ ├── has-unicode@2.0.1
75 silly idealTree │ ├── hawk@3.1.3
75 silly idealTree │ ├── hoek@2.16.3
75 silly idealTree │ ├── http-signature@1.1.1
75 silly idealTree │ ├── inflight@1.0.5
75 silly idealTree │ ├── inherits@2.0.1
75 silly idealTree │ ├── ini@1.3.4
75 silly idealTree │ ├── is-fullwidth-code-point@1.0.0
75 silly idealTree │ ├── is-my-json-valid@2.13.1
75 silly idealTree │ ├── is-property@1.0.2
75 silly idealTree │ ├── is-typedarray@1.0.0
75 silly idealTree │ ├── isarray@1.0.0
75 silly idealTree │ ├── isstream@0.1.2
75 silly idealTree │ ├── jodid25519@1.0.2
75 silly idealTree │ ├── jsbn@0.1.0
75 silly idealTree │ ├── json-schema@0.2.2
75 silly idealTree │ ├── json-stringify-safe@5.0.1
75 silly idealTree │ ├── jsonpointer@2.0.0
75 silly idealTree │ ├── jsprim@1.3.0
75 silly idealTree │ ├── mime-db@1.23.0
75 silly idealTree │ ├── mime-types@2.1.11
75 silly idealTree │ ├── minimatch@3.0.2
75 silly idealTree │ ├── minimist@0.0.8
75 silly idealTree │ ├── mkdirp@0.5.1
75 silly idealTree │ ├── ms@0.7.1
75 silly idealTree │ ├── node-pre-gyp@0.6.29
75 silly idealTree │ ├── node-uuid@1.4.7
75 silly idealTree │ ├── nopt@3.0.6
75 silly idealTree │ ├── npmlog@3.1.2
75 silly idealTree │ ├── number-is-nan@1.0.0
75 silly idealTree │ ├── oauth-sign@0.8.2
75 silly idealTree │ ├── object-assign@4.1.0
75 silly idealTree │ ├── once@1.3.3
75 silly idealTree │ ├── path-is-absolute@1.0.0
75 silly idealTree │ ├── pinkie-promise@2.0.1
75 silly idealTree │ ├── pinkie@2.0.4
75 silly idealTree │ ├── process-nextick-args@1.0.7
75 silly idealTree │ ├── qs@6.2.0
75 silly idealTree │ ├─┬ rc@1.1.6
75 silly idealTree │ │ └── minimist@1.2.0
75 silly idealTree │ ├── readable-stream@2.1.4
75 silly idealTree │ ├── request@2.73.0
75 silly idealTree │ ├── rimraf@2.5.3
75 silly idealTree │ ├── semver@5.2.0
75 silly idealTree │ ├── set-blocking@2.0.0
75 silly idealTree │ ├── signal-exit@3.0.0
75 silly idealTree │ ├── sntp@1.0.9
75 silly idealTree │ ├─┬ sshpk@1.8.3
75 silly idealTree │ │ └── assert-plus@1.0.0
75 silly idealTree │ ├── string_decoder@0.10.31
75 silly idealTree │ ├── string-width@1.0.1
75 silly idealTree │ ├── stringstream@0.0.5
75 silly idealTree │ ├── strip-ansi@3.0.1
75 silly idealTree │ ├── strip-json-comments@1.0.4
75 silly idealTree │ ├── supports-color@2.0.0
75 silly idealTree │ ├── tar-pack@3.1.4
75 silly idealTree │ ├── tar@2.2.1
75 silly idealTree │ ├── tough-cookie@2.2.2
75 silly idealTree │ ├── tunnel-agent@0.4.3
75 silly idealTree │ ├── tweetnacl@0.13.3
75 silly idealTree │ ├── uid-number@0.0.6
75 silly idealTree │ ├── util-deprecate@1.0.2
75 silly idealTree │ ├── verror@1.3.6
75 silly idealTree │ ├── wide-align@1.1.0
75 silly idealTree │ ├── wrappy@1.0.2
75 silly idealTree │ └── xtend@4.0.1
75 silly idealTree ├─┬ gaze@0.3.4
75 silly idealTree │ └── minimatch@0.2.14
75 silly idealTree ├── glob-base@0.3.0
75 silly idealTree ├── glob-parent@2.0.0
75 silly idealTree ├─┬ glob@3.2.11
75 silly idealTree │ └── minimatch@0.3.0
75 silly idealTree ├─┬ got@3.3.1
75 silly idealTree │ └── object-assign@3.0.0
75 silly idealTree ├── graceful-fs@4.1.10
75 silly idealTree ├── growl@1.7.0
75 silly idealTree ├── has-ansi@2.0.0
75 silly idealTree ├── heroku@0.2.0
75 silly idealTree ├── http-errors@1.5.0
75 silly idealTree ├── iconv-lite@0.4.13
75 silly idealTree ├── ignore-by-default@1.0.1
75 silly idealTree ├── imurmurhash@0.1.4
75 silly idealTree ├── infinity-agent@2.0.3
75 silly idealTree ├── inherits@2.0.1
75 silly idealTree ├── ini@1.3.4
75 silly idealTree ├── ipaddr.js@1.1.1
75 silly idealTree ├── is-binary-path@1.0.1
75 silly idealTree ├── is-buffer@1.1.4
75 silly idealTree ├── is-dotfile@1.0.2
75 silly idealTree ├── is-equal-shallow@0.1.3
75 silly idealTree ├── is-extendable@0.1.1
75 silly idealTree ├── is-extglob@1.0.0
75 silly idealTree ├── is-finite@1.0.2
75 silly idealTree ├── is-glob@2.0.1
75 silly idealTree ├── is-npm@1.0.0
75 silly idealTree ├── is-number@2.1.0
75 silly idealTree ├── is-posix-bracket@0.1.1
75 silly idealTree ├── is-primitive@2.0.0
75 silly idealTree ├── is-redirect@1.0.0
75 silly idealTree ├── is-stream@1.1.0
75 silly idealTree ├── isarray@1.0.0
75 silly idealTree ├── isobject@2.1.0
75 silly idealTree ├── jasmine-growl-reporter@0.0.3
75 silly idealTree ├─┬ jasmine-node@1.14.5
75 silly idealTree │ └── mkdirp@0.3.5
75 silly idealTree ├─┬ jasmine-reporters@1.0.2
75 silly idealTree │ └── mkdirp@0.3.5
75 silly idealTree ├── js-data-firebase@2.1.1
75 silly idealTree ├── js-data@2.9.0
75 silly idealTree ├── kind-of@3.0.4
75 silly idealTree ├── latest-version@1.0.1
75 silly idealTree ├── lodash._baseassign@3.2.0
75 silly idealTree ├── lodash._basecopy@3.0.1
75 silly idealTree ├── lodash._bindcallback@3.0.1
75 silly idealTree ├── lodash._createassigner@3.1.1
75 silly idealTree ├── lodash._getnative@3.9.1
75 silly idealTree ├── lodash._isiterateecall@3.0.9
75 silly idealTree ├── lodash.assign@3.2.0
75 silly idealTree ├── lodash.defaults@3.1.2
75 silly idealTree ├── lodash.isarguments@3.1.0
75 silly idealTree ├── lodash.isarray@3.0.4
75 silly idealTree ├── lodash.isplainobject@4.0.6
75 silly idealTree ├── lodash.keys@3.1.2
75 silly idealTree ├── lodash.restparam@3.6.1
75 silly idealTree ├── lowercase-keys@1.0.0
75 silly idealTree ├── lru-cache@2.7.3
75 silly idealTree ├── map-stream@0.1.0
75 silly idealTree ├── media-typer@0.3.0
75 silly idealTree ├── merge-descriptors@1.0.1
75 silly idealTree ├── methods@1.1.2
75 silly idealTree ├── micromatch@2.3.11
75 silly idealTree ├── mime-db@1.24.0
75 silly idealTree ├── mime-types@2.1.12
75 silly idealTree ├── mime@1.3.4
75 silly idealTree ├── minimatch@3.0.3
75 silly idealTree ├── minimist@0.0.8
75 silly idealTree ├── mkdirp@0.5.1
75 silly idealTree ├── mout@0.11.0
75 silly idealTree ├── ms@0.7.1
75 silly idealTree ├── nan@2.4.0
75 silly idealTree ├── negotiator@0.6.1
75 silly idealTree ├── nested-error-stacks@1.0.2
75 silly idealTree ├── ng-firebase-auth@0.0.1
75 silly idealTree ├── node-uuid@1.4.7
75 silly idealTree ├── nodemon@1.11.0
75 silly idealTree ├── nopt@1.0.10
75 silly idealTree ├── normalize-path@2.0.1
75 silly idealTree ├── number-is-nan@1.0.1
75 silly idealTree ├── object-assign@4.1.0
75 silly idealTree ├── object.omit@2.0.1
75 silly idealTree ├── on-finished@2.3.0
75 silly idealTree ├── once@1.3.3
75 silly idealTree ├── os-homedir@1.0.2
75 silly idealTree ├── os-tmpdir@1.0.2
75 silly idealTree ├── osenv@0.1.3
75 silly idealTree ├── package-json@1.2.0
75 silly idealTree ├── parse-glob@3.0.4
75 silly idealTree ├── parseurl@1.3.1
75 silly idealTree ├── path-is-absolute@1.0.1
75 silly idealTree ├── path-to-regexp@0.1.7
75 silly idealTree ├── pause-stream@0.0.11
75 silly idealTree ├── pinkie-promise@2.0.1
75 silly idealTree ├── pinkie@2.0.4
75 silly idealTree ├── prepend-http@1.0.4
75 silly idealTree ├── preserve@0.2.0
75 silly idealTree ├── process-nextick-args@1.0.7
75 silly idealTree ├── proxy-addr@1.1.2
75 silly idealTree ├── ps-tree@1.1.0
75 silly idealTree ├── qs@6.2.0
75 silly idealTree ├── randomatic@1.1.5
75 silly idealTree ├── range-parser@1.2.0
75 silly idealTree ├── raw-body@2.1.7
75 silly idealTree ├─┬ rc@1.1.6
75 silly idealTree │ └── minimist@1.2.0
75 silly idealTree ├── read-all-stream@3.1.0
75 silly idealTree ├── readable-stream@2.1.5
75 silly idealTree ├── readdirp@2.1.0
75 silly idealTree ├── regex-cache@0.4.3
75 silly idealTree ├── registry-url@3.1.0
75 silly idealTree ├── repeat-element@1.1.2
75 silly idealTree ├── repeat-string@1.6.1
75 silly idealTree ├── repeating@1.1.3
75 silly idealTree ├── requirejs@2.3.2
75 silly idealTree ├── semver-diff@2.1.0
75 silly idealTree ├── semver@5.3.0
75 silly idealTree ├── send@0.14.1
75 silly idealTree ├── serve-static@1.11.1
75 silly idealTree ├── set-immediate-shim@1.0.1
75 silly idealTree ├── setprototypeof@1.0.1
75 silly idealTree ├── sigmund@1.0.1
75 silly idealTree ├── slide@1.1.6
75 silly idealTree ├── split@0.3.3
75 silly idealTree ├── statuses@1.3.0
75 silly idealTree ├── stream-combiner@0.0.4
75 silly idealTree ├── stream-shift@1.0.0
75 silly idealTree ├── string_decoder@0.10.31
75 silly idealTree ├── string-length@1.0.1
75 silly idealTree ├── strip-ansi@3.0.1
75 silly idealTree ├── strip-json-comments@1.0.4
75 silly idealTree ├─┬ stripe@4.12.0
75 silly idealTree │ └── qs@2.4.2
75 silly idealTree ├── supports-color@2.0.0
75 silly idealTree ├── through@2.3.8
75 silly idealTree ├── timed-out@2.0.0
75 silly idealTree ├── touch@1.0.0
75 silly idealTree ├── type-is@1.6.13
75 silly idealTree ├── undefsafe@0.0.3
75 silly idealTree ├── underscore@1.8.3
75 silly idealTree ├── unpipe@1.0.0
75 silly idealTree ├── update-notifier@0.5.0
75 silly idealTree ├── util-deprecate@1.0.2
75 silly idealTree ├── utils-merge@1.0.0
75 silly idealTree ├── uuid@2.0.3
75 silly idealTree ├── vary@1.1.0
75 silly idealTree ├── walkdir@0.0.11
75 silly idealTree ├── wrappy@1.0.2
75 silly idealTree ├── write-file-atomic@1.2.0
75 silly idealTree ├── xdg-basedir@2.0.0
75 silly idealTree └── xtend@4.0.1
76 silly generateActionsToTake Starting
77 silly install generateActionsToTake
78 silly generateActionsToTake Finishing
79 silly diffTrees action count 1
80 silly diffTrees add ng-firebase-auth@0.0.1
81 silly decomposeActions action count 8
82 silly decomposeActions fetch ng-firebase-auth@0.0.1
83 silly decomposeActions extract ng-firebase-auth@0.0.1
84 silly decomposeActions test ng-firebase-auth@0.0.1
85 silly decomposeActions preinstall ng-firebase-auth@0.0.1
86 silly decomposeActions build ng-firebase-auth@0.0.1
87 silly decomposeActions install ng-firebase-auth@0.0.1
88 silly decomposeActions postinstall ng-firebase-auth@0.0.1
89 silly decomposeActions finalize ng-firebase-auth@0.0.1
90 silly executeActions Starting
91 silly install executeActions
92 silly doSerial global-install 0
93 silly doParallel fetch 1
94 verbose correctMkdir /Users/jason/.npm/_locks correctMkdir not in flight; initializing
95 verbose lock using /Users/jason/.npm/_locks/staging-85a5b7ee25a63eaa.lock for /Users/jason/Dropbox/Code/1x/heroku/node_modules/.staging
96 silly doParallel extract 1
97 silly extract ng-firebase-auth@0.0.1
98 verbose unbuild node_modules/.staging/ng-firebase-auth-e8666846
99 silly gentlyRm /Users/jason/Dropbox/Code/1x/heroku/node_modules/.staging/ng-firebase-auth-e8666846 is being purged from base /Users/jason/Dropbox/Code/1x/heroku
100 verbose gentlyRm don't care about contents; nuking /Users/jason/Dropbox/Code/1x/heroku/node_modules/.staging/ng-firebase-auth-e8666846
101 verbose tar unpack /Users/jason/.npm/ng-firebase-auth/0.0.1/package.tgz
102 verbose tar unpacking to /Users/jason/Dropbox/Code/1x/heroku/node_modules/.staging/ng-firebase-auth-e8666846
103 silly gentlyRm /Users/jason/Dropbox/Code/1x/heroku/node_modules/.staging/ng-firebase-auth-e8666846 is being purged
104 verbose gentlyRm don't care about contents; nuking /Users/jason/Dropbox/Code/1x/heroku/node_modules/.staging/ng-firebase-auth-e8666846
105 silly gunzTarPerm modes [ '755', '644' ]
106 silly gunzTarPerm extractEntry package.json
107 silly gunzTarPerm extractEntry .npmignore
108 silly gunzTarPerm extractEntry README.md
109 silly gunzTarPerm extractEntry gulpfile.js
110 silly gunzTarPerm extractEntry dist/ng-firebase-auth.js
111 silly gunzTarPerm extractEntry bower.json
112 silly gunzTarPerm extractEntry divshot.json
113 silly gunzTarPerm extractEntry .bowerrc
114 silly gunzTarPerm extractEntry test/karma.conf.js
115 silly gunzTarPerm extractEntry test/protractor.conf.js
116 silly gunzTarPerm extractEntry test/spec-helper.js
117 silly gunzTarPerm extractEntry test/e2e/routes.spec.js
118 silly gunzTarPerm extractEntry test/unit/controller.spec.js
119 silly gunzTarPerm extractEntry .jshintrc
120 silly gunzTarPerm extractEntry src/controller.js
121 silly gunzTarPerm extractEntry src/directive.js
122 silly gunzTarPerm extractEntry src/main.js
123 silly gunzTarPerm extractEntry testapp/index.html
124 silly gunzTarPerm extractEntry testapp/scripts/firebase.js
125 silly gunzTarPerm extractEntry testapp/scripts/home-controller.js
126 silly gunzTarPerm extractEntry testapp/scripts/main.js
127 silly gunzTarPerm extractEntry testapp/scripts/nav-controller.js
128 silly gunzTarPerm extractEntry testapp/styles/base.scss
129 silly gunzTarPerm extractEntry testapp/styles/colors.scss
130 silly gunzTarPerm extractEntry testapp/styles/components/dropdown.scss
131 silly gunzTarPerm extractEntry testapp/styles/components/grid.scss
132 silly gunzTarPerm extractEntry testapp/styles/components/navbar.scss
133 silly gunzTarPerm extractEntry testapp/styles/components/ng-firebase-auth.scss
134 silly gunzTarPerm extractEntry testapp/styles/main.scss
135 silly gunzTarPerm extractEntry testapp/styles/mixins.scss
136 silly gunzTarPerm extractEntry testapp/styles/utils/align.scss
137 silly gunzTarPerm extractEntry testapp/styles/utils/flexbox.scss
138 silly gunzTarPerm extractEntry testapp/styles/utils/position.scss
139 silly gunzTarPerm extractEntry testapp/styles/variables.scss
140 silly gunzTarPerm extractEntry testapp/views/about.html
141 silly gunzTarPerm extractEntry testapp/views/home.html
142 silly gentlyRm /Users/jason/Dropbox/Code/1x/heroku/node_modules/.staging/ng-firebase-auth-e8666846/node_modules is being purged
143 verbose gentlyRm don't care about contents; nuking /Users/jason/Dropbox/Code/1x/heroku/node_modules/.staging/ng-firebase-auth-e8666846/node_modules
144 silly doParallel preinstall 1
145 silly preinstall ng-firebase-auth@0.0.1 /Users/jason/Dropbox/Code/1x/heroku/node_modules/.staging/ng-firebase-auth-e8666846
146 info lifecycle ng-firebase-auth@0.0.1~preinstall: ng-firebase-auth@0.0.1
147 silly lifecycle ng-firebase-auth@0.0.1~preinstall: no script for preinstall, continuing
148 silly doReverseSerial remove 0
149 silly doSerial move 0
150 silly doSerial finalize 1
151 silly finalize /Users/jason/Dropbox/Code/1x/heroku/node_modules/ng-firebase-auth
152 silly doSerial build 1
153 silly build ng-firebase-auth@0.0.1
154 info linkStuff ng-firebase-auth@0.0.1
155 silly linkStuff ng-firebase-auth@0.0.1 has /Users/jason/Dropbox/Code/1x/heroku/node_modules as its parent node_modules
156 verbose linkBins ng-firebase-auth@0.0.1
157 verbose linkMans ng-firebase-auth@0.0.1
158 silly doSerial global-link 0
159 silly doParallel update-linked 0
160 silly doSerial install 1
161 silly install ng-firebase-auth@0.0.1 /Users/jason/Dropbox/Code/1x/heroku/node_modules/.staging/ng-firebase-auth-e8666846
162 info lifecycle ng-firebase-auth@0.0.1~install: ng-firebase-auth@0.0.1
163 silly lifecycle ng-firebase-auth@0.0.1~install: no script for install, continuing
164 silly doSerial postinstall 1
165 silly postinstall ng-firebase-auth@0.0.1 /Users/jason/Dropbox/Code/1x/heroku/node_modules/.staging/ng-firebase-auth-e8666846
166 info lifecycle ng-firebase-auth@0.0.1~postinstall: ng-firebase-auth@0.0.1
167 verbose lifecycle ng-firebase-auth@0.0.1~postinstall: unsafe-perm in lifecycle true
168 verbose lifecycle ng-firebase-auth@0.0.1~postinstall: PATH: /usr/local/lib/node_modules/npm/bin/node-gyp-bin:/Users/jason/Dropbox/Code/1x/heroku/node_modules/ng-firebase-auth/node_modules/.bin:/Users/jason/Dropbox/Code/1x/heroku/node_modules/.bin:/usr/local/bin:/usr/local/bin:/usr/bin:/bin:/usr/sbin:/sbin:/usr/local/mysql/bin:/usr/local/share/dotnet
169 verbose lifecycle ng-firebase-auth@0.0.1~postinstall: CWD: /Users/jason/Dropbox/Code/1x/heroku/node_modules/ng-firebase-auth
170 silly lifecycle ng-firebase-auth@0.0.1~postinstall: Args: [ '-c', 'bower install && gulp build' ]
171 silly lifecycle ng-firebase-auth@0.0.1~postinstall: Returned: code: 1  signal: null
172 info lifecycle ng-firebase-auth@0.0.1~postinstall: Failed to exec postinstall script
173 verbose unlock done using /Users/jason/.npm/_locks/staging-85a5b7ee25a63eaa.lock for /Users/jason/Dropbox/Code/1x/heroku/node_modules/.staging
174 silly rollbackFailedOptional Starting
175 silly rollbackFailedOptional Finishing
176 silly runTopLevelLifecycles Starting
177 silly runTopLevelLifecycles Finishing
178 silly install printInstalled
179 warn 1x-tactical@1.0.0 No repository field.
180 verbose stack Error: ng-firebase-auth@0.0.1 postinstall: `bower install && gulp build`
180 verbose stack Exit status 1
180 verbose stack     at EventEmitter.<anonymous> (/usr/local/lib/node_modules/npm/lib/utils/lifecycle.js:242:16)
180 verbose stack     at emitTwo (events.js:106:13)
180 verbose stack     at EventEmitter.emit (events.js:191:7)
180 verbose stack     at ChildProcess.<anonymous> (/usr/local/lib/node_modules/npm/lib/utils/spawn.js:40:14)
180 verbose stack     at emitTwo (events.js:106:13)
180 verbose stack     at ChildProcess.emit (events.js:191:7)
180 verbose stack     at maybeClose (internal/child_process.js:877:16)
180 verbose stack     at Process.ChildProcess._handle.onexit (internal/child_process.js:226:5)
181 verbose pkgid ng-firebase-auth@0.0.1
182 verbose cwd /Users/jason/Dropbox/Code/1x/heroku
183 error Darwin 15.6.0
184 error argv "/usr/local/bin/node" "/usr/local/bin/npm" "i" "ng-firebase-auth"
185 error node v6.5.0
186 error npm  v3.10.3
187 error code ELIFECYCLE
188 error ng-firebase-auth@0.0.1 postinstall: `bower install && gulp build`
188 error Exit status 1
189 error Failed at the ng-firebase-auth@0.0.1 postinstall script 'bower install && gulp build'.
189 error Make sure you have the latest version of node.js and npm installed.
189 error If you do, this is most likely a problem with the ng-firebase-auth package,
189 error not with npm itself.
189 error Tell the author that this fails on your system:
189 error     bower install && gulp build
189 error You can get information on how to open an issue for this project with:
189 error     npm bugs ng-firebase-auth
189 error Or if that isn't available, you can get their info via:
189 error     npm owner ls ng-firebase-auth
189 error There is likely additional logging output above.
190 verbose exit [ 1, true ]
